[13-Feb-2024 10:17:48] NOTICE: fpm is running, pid 236
[13-Feb-2024 10:17:48] NOTICE: ready to handle connections
[13-Feb-2024 10:28:24] NOTICE: Terminating ...
[13-Feb-2024 10:28:24] NOTICE: exiting, bye-bye!
[13-Feb-2024 10:28:44] NOTICE: fpm is running, pid 216
[13-Feb-2024 10:28:44] NOTICE: ready to handle connections
[13-Feb-2024 10:31:06] NOTICE: Terminating ...
[13-Feb-2024 10:31:06] NOTICE: exiting, bye-bye!
[13-Feb-2024 10:31:26] NOTICE: fpm is running, pid 221
[13-Feb-2024 10:31:26] NOTICE: ready to handle connections
[13-Feb-2024 10:34:58] NOTICE: Terminating ...
[13-Feb-2024 10:34:58] NOTICE: exiting, bye-bye!
[13-Feb-2024 10:35:38] NOTICE: fpm is running, pid 216
[13-Feb-2024 10:35:38] NOTICE: ready to handle connections
[13-Feb-2024 10:37:37] NOTICE: Terminating ...
[13-Feb-2024 10:37:37] NOTICE: exiting, bye-bye!
[13-Feb-2024 10:40:24] NOTICE: fpm is running, pid 219
[13-Feb-2024 10:40:24] NOTICE: ready to handle connections
[13-Feb-2024 10:43:42] NOTICE: Terminating ...
[13-Feb-2024 10:43:42] NOTICE: exiting, bye-bye!
[13-Feb-2024 10:44:11] NOTICE: fpm is running, pid 218
[13-Feb-2024 10:44:11] NOTICE: ready to handle connections
[04-Mar-2024 08:15:58] NOTICE: fpm is running, pid 214
[04-Mar-2024 08:15:58] NOTICE: ready to handle connections
